<?xml version="1.0" encoding="UTF-8"?>
<testsuite name="AppTest" tests="5" skipped="0" failures="0" errors="0" timestamp="2020-11-29T14:59:47" hostname="macbook-air" time="0.007">
  <properties/>
  <testcase name="testXbiggerY" classname="AppTest" time="0.002"/>
  <testcase name="testXoutOfBounds" classname="AppTest" time="0.001"/>
  <testcase name="testYoutOfBounds" classname="AppTest" time="0.001"/>
  <testcase name="testYbiggerX" classname="AppTest" time="0.0"/>
  <testcase name="testXequalY" classname="AppTest" time="0.0"/>
  <system-out><![CDATA[]]></system-out>
  <system-err><![CDATA[]]></system-err>
</testsuite>
